<?xml version="1.0" encoding="UTF-8"?>
<testsuite xmlns:xsi="http://www.w3.org/2001/XMLSchema-instance" xsi:noNamespaceSchemaLocation="https://maven.apache.org/surefire/maven-surefire-plugin/xsd/surefire-test-report.xsd" name="com.dc.task.controller.TransactionControllerTest" time="22.586" tests="7" errors="0" skipped="0" failures="0">
  <properties>
[...]
</properties>
  <testcase name="get transactions with customer_id param" classname="com.dc.task.controller.TransactionControllerTest" time="2.209"/>
  <testcase name="get transactions without param" classname="com.dc.task.controller.TransactionControllerTest" time="0.85"/>
  <testcase name="get transactions with account_type param" classname="com.dc.task.controller.TransactionControllerTest" time="0.188"/>
  <testcase name="get transactions with second other and first other params" classname="com.dc.task.controller.TransactionControllerTest" time="0.181"/>
  <testcase name="get transactions with first ALL and second other params" classname="com.dc.task.controller.TransactionControllerTest" time="0.19"/>
  <testcase name="get transactions with two params" classname="com.dc.task.controller.TransactionControllerTest" time="0.161"/>
  <testcase name="get transactions with two ALL params" classname="com.dc.task.controller.TransactionControllerTest" time="0.375"/>
</testsuite>